<?xml version="1.0" encoding="UTF-8"?>
<testsuites name="jest tests" tests="2" failures="0" errors="0" time="1.536">
  <testsuite name="undefined" errors="0" failures="0" skipped="0" timestamp="2024-08-09T15:41:00" time="1.043" tests="2">
    <testcase classname=" Heading should be Vite + React" name=" Heading should be Vite + React" time="0.017">
    </testcase>
    <testcase classname=" Heading component" name=" Heading component" time="0.001">
    </testcase>
  </testsuite>
</testsuites>