<?xml version="1.0" encoding="UTF-8"?>
<testsuites name="main-ui tests" tests="3" failures="0" errors="0" time="1.75">
  <testsuite name="src/main-ui.test.tsx" errors="0" failures="0" skipped="0" timestamp="2024-08-09T17:37:44" time="1.303" tests="3">
    <testcase classname="-Always true test" name="-Always true test" time="0.001">
    </testcase>
    <testcase classname="-Heading should be Vite + React" name="-Heading should be Vite + React" time="0.022">
    </testcase>
    <testcase classname="-Heading component" name="-Heading component" time="0.001">
    </testcase>
  </testsuite>
</testsuites>